2021-06-23 18:46:08,117:INFO:discord.client: logging in using static token
2021-06-23 18:46:08,577:DEBUG:discord.http: GET https://discord.com/api/v7/users/@me with None has returned 200
2021-06-23 18:46:08,578:DEBUG:discord.http: GET https://discord.com/api/v7/users/@me has received {'id': '848169984831389716', 'username': 'অমানুষ', 'avatar': '246e46e7092cad9b6844e5ff3e653939', 'discriminator': '6105', 'public_flags': 0, 'flags': 0, 'bot': True, 'locale': 'en-US', 'mfa_enabled': True, 'email': None, 'verified': True}
2021-06-23 18:46:08,593:DEBUG:discord.http: GET https://discord.com/api/v7/gateway with None has returned 200
2021-06-23 18:46:08,593:DEBUG:discord.http: GET https://discord.com/api/v7/gateway has received {'url': 'wss://gateway.discord.gg'}
2021-06-23 18:46:09,084:DEBUG:discord.gateway: Created websocket connected to wss://gateway.discord.gg?encoding=json&v=6&compress=zlib-stream
2021-06-23 18:46:09,084:DEBUG:discord.client: Dispatching event socket_raw_receive
2021-06-23 18:46:09,085:DEBUG:discord.gateway: For Shard ID None: WebSocket Event: {'t': None, 's': None, 'op': 10, 'd': {'heartbeat_interval': 41250, '_trace': ['["gateway-prd-main-p0zl",{"micros":0.0}]']}}
2021-06-23 18:46:09,085:DEBUG:discord.client: Dispatching event socket_response
2021-06-23 18:46:09,085:DEBUG:discord.client: Dispatching event socket_raw_send
2021-06-23 18:46:09,086:DEBUG:discord.client: Dispatching event socket_raw_send
2021-06-23 18:46:09,086:INFO:discord.gateway: Shard ID None has sent the IDENTIFY payload.
2021-06-23 18:46:09,447:DEBUG:discord.client: Dispatching event socket_raw_receive
2021-06-23 18:46:09,447:DEBUG:discord.gateway: For Shard ID None: WebSocket Event: {'t': None, 's': None, 'op': 11, 'd': None}
2021-06-23 18:46:09,447:DEBUG:discord.client: Dispatching event socket_response
2021-06-23 18:46:09,543:DEBUG:discord.client: Dispatching event socket_raw_receive
2021-06-23 18:46:09,543:DEBUG:discord.gateway: For Shard ID None: WebSocket Event: {'t': 'READY', 's': 1, 'op': 0, 'd': {'v': 6, 'user_settings': {}, 'user': {'verified': True, 'username': 'অমানুষ', 'mfa_enabled': True, 'id': '848169984831389716', 'flags': 0, 'email': None, 'discriminator': '6105', 'bot': True, 'avatar': '246e46e7092cad9b6844e5ff3e653939'}, 'session_id': '0fbb0e99b0d7d74c597dd28f83f6218a', 'relationships': [], 'private_channels': [], 'presences': [], 'guilds': [{'unavailable': True, 'id': '749879969382924298'}, {'unavailable': True, 'id': '843792330129670154'}, {'unavailable': True, 'id': '848439822615969803'}], 'guild_join_requests': [], 'geo_ordered_rtc_regions': ['india', 'hongkong', 'singapore', 'japan', 'russia'], 'application': {'id': '848169984831389716', 'flags': 303104}, '_trace': ['["gateway-prd-main-p0zl",{"micros":87159,"calls":["discord-sessions-blue-prd-2-130",{"micros":83799,"calls":["start_session",{"micros":31427,"calls":["api-prd-main-s5s1",{"micros":27839,"calls":["get_user",{"micros":2695},"add_authorized_ip",{"micros":1356},"get_guilds",{"micros":6151},"coros_wait",{"micros":1}]}]},"guilds_connect",{"micros":6,"calls":[]},"presence_connect",{"micros":12265,"calls":[]}]}]}]']}}
2021-06-23 18:46:09,543:DEBUG:discord.client: Dispatching event socket_response
2021-06-23 18:46:09,544:INFO:discord.gateway: Shard ID None has connected to Gateway: ["gateway-prd-main-p0zl",{"micros":87159,"calls":["discord-sessions-blue-prd-2-130",{"micros":83799,"calls":["start_session",{"micros":31427,"calls":["api-prd-main-s5s1",{"micros":27839,"calls":["get_user",{"micros":2695},"add_authorized_ip",{"micros":1356},"get_guilds",{"micros":6151},"coros_wait",{"micros":1}]}]},"guilds_connect",{"micros":6,"calls":[]},"presence_connect",{"micros":12265,"calls":[]}]}]}] (Session ID: 0fbb0e99b0d7d74c597dd28f83f6218a).
2021-06-23 18:46:09,581:DEBUG:discord.client: Dispatching event connect
2021-06-23 18:46:09,581:DEBUG:discord.client: Dispatching event socket_raw_receive
2021-06-23 18:46:09,582:DEBUG:discord.gateway: For Shard ID None: WebSocket Event: {'t': 'GUILD_CREATE', 's': 2, 'op': 0, 'd': {'nsfw': False, 'max_members': 250000, 'member_count': 5, 'icon': None, 'stickers': [], 'banner': None, 'verification_level': 1, 'splash': None, 'unavailable': False, 'nsfw_level': 0, 'joined_at': '2021-05-30T05:23:25.114000+00:00', 'lazy': True, 'afk_channel_id': None, 'premium_subscription_count': 0, 'emojis': [], 'preferred_locale': 'en-US', 'name': 'bot testing server', 'presences': [], 'guild_hashes': {'version': 1, 'roles': {'omitted': False, 'hash': 'GsjyGunGbug'}, 'metadata': {'omitted': False, 'hash': '6v8+ZvVuScY'}, 'channels': {'omitted': False, 'hash': 'nmDBt3r4Edo'}}, 'rules_channel_id': '848036089612468235', 'public_updates_channel_id': '848036089612468237', 'features': ['NEWS', 'COMMUNITY'], 'stage_instances': [], 'owner_id': '587529076286423041', 'afk_timeout': 300, 'max_video_channel_users': 25, 'mfa_level': 1, 'region': 'india', 'premium_tier': 0, 'description': None, 'roles': [{'position': 0, 'permissions_new': '109625855553', 'permissions': 104189505, 'name': '@everyone', 'mentionable': False, 'managed': False, 'id': '749879969382924298', 'hoist': False, 'color': 0}, {'position': 1, 'permissions_new': '8560037631', 'permissions': 2117586687, 'name': 'kuddus', 'mentionable': False, 'managed': False, 'id': '749882441396912231', 'hoist': False, 'color': 0}, {'tags': {'bot_id': '270904126974590976'}, 'position': 1, 'permissions_new': '17179869175', 'permissions': 2147483639, 'name': 'Dank Memer', 'mentionable': False, 'managed': True, 'id': '843803314395152404', 'hoist': False, 'color': 0}, {'tags': {'bot_id': '848169984831389716'}, 'position': 1, 'permissions_new': '8', 'permissions': 8, 'name': 'অমানুষ', 'mentionable': False, 'managed': True, 'id': '848431384045289524', 'hoist': False, 'color': 0}], 'large': False, 'application_command_count': 20, 'discovery_splash': None, 'system_channel_flags': 0, 'default_message_notifications': 1, 'channels': [{'type': 4, 'position': 1, 'permission_overwrites': [], 'name': 'Text Channels', 'id': '749879969382924299'}, {'type': 4, 'position': 2, 'permission_overwrites': [], 'name': 'Voice Channels', 'id': '749879969382924300'}, {'type': 0, 'topic': None, 'rate_limit_per_user': 0, 'position': 2, 'permission_overwrites': [{'type': 'role', 'id': '749879969382924298', 'deny_new': '0', 'deny': 0, 'allow_new': '805829713', 'allow': 805829713}], 'parent_id': '749879969382924299', 'name': 'general', 'last_message_id': '854972878956658708', 'id': '749879969382924301'}, {'user_limit': 0, 'type': 2, 'rtc_region': None, 'position': 0, 'permission_overwrites': [], 'parent_id': '749879969382924300', 'name': 'General', 'id': '749879969382924302', 'bitrate': 64000}, {'type': 0, 'topic': None, 'rate_limit_per_user': 0, 'position': 0, 'permission_overwrites': [{'type': 'role', 'id': '749879969382924298', 'deny_new': '2048', 'deny': 2048, 'allow_new': '0', 'allow': 0}], 'name': 'rules', 'last_message_id': '854029470066016326', 'id': '848036089612468235'}, {'type': 0, 'topic': None, 'rate_limit_per_user': 0, 'position': 1, 'permission_overwrites': [{'type': 'role', 'id': '749879969382924298', 'deny_new': '1024', 'deny': 1024, 'allow_new': '0', 'allow': 0}], 'name': 'moderator-only', 'last_message_id': '849969139992625165', 'id': '848036089612468237'}, {'type': 4, 'position': 0, 'permission_overwrites': [], 'name': 'গণনা', 'id': '848037016829820959'}, {'type': 4, 'position': 3, 'permission_overwrites': [], 'name': 'সমাচার', 'id': '848037248184090635'}, {'type': 0, 'topic': None, 'rate_limit_per_user': 0, 'position': 3, 'permission_overwrites': [], 'name': 'কৌতুকবাজি', 'last_message_id': None, 'id': '848183709227810886'}], 'explicit_content_filter': 2, 'system_channel_id': '749879969382924301', 'threads': [], 'vanity_url_code': None, 'members': [{'user': {'username': 'অমানুষ', 'id': '848169984831389716', 'discriminator': '6105', 'bot': True, 'avatar': '246e46e7092cad9b6844e5ff3e653939'}, 'roles': ['848431384045289524'], 'mute': False, 'joined_at': '2021-05-30T05:23:25.114000+00:00', 'hoisted_role': None, 'deaf': False}], 'id': '749879969382924298', 'voice_states': [], 'application_id': None}}
2021-06-23 18:46:09,582:DEBUG:discord.client: Dispatching event socket_response
2021-06-23 18:46:09,583:DEBUG:discord.client: Dispatching event socket_raw_receive
2021-06-23 18:46:09,584:DEBUG:discord.gateway: For Shard ID None: WebSocket Event: {'t': 'GUILD_CREATE', 's': 3, 'op': 0, 'd': {'nsfw': False, 'max_members': 100000, 'member_count': 6, 'icon': None, 'stickers': [], 'banner': None, 'verification_level': 1, 'splash': None, 'unavailable': False, 'nsfw_level': 0, 'joined_at': '2021-06-05T16:29:08.724000+00:00', 'lazy': True, 'afk_channel_id': None, 'premium_subscription_count': 0, 'emojis': [], 'preferred_locale': 'en-US', 'name': 'সার্ভার', 'presences': [], 'guild_hashes': {'version': 1, 'roles': {'omitted': False, 'hash': 'nVXF2KnQIj8'}, 'metadata': {'omitted': False, 'hash': 'Ly4auqNLMjY'}, 'channels': {'omitted': False, 'hash': 'tvAkGNcN60Y'}}, 'rules_channel_id': '847337949207986186', 'public_updates_channel_id': '847337949207986187', 'features': ['NEWS', 'COMMUNITY'], 'stage_instances': [], 'owner_id': '587529076286423041', 'afk_timeout': 300, 'max_video_channel_users': 25, 'mfa_level': 0, 'region': 'india', 'premium_tier': 0, 'description': None, 'roles': [{'position': 0, 'permissions_new': '109625855553', 'permissions': 104189505, 'name': '@everyone', 'mentionable': False, 'managed': False, 'id': '843792330129670154', 'hoist': False, 'color': 0}, {'position': 3, 'permissions_new': '0', 'permissions': 0, 'name': 'হাল্কা গায়ক', 'mentionable': False, 'managed': False, 'id': '846995400158347264', 'hoist': False, 'color': 10070709}, {'position': 2, 'permissions_new': '0', 'permissions': 0, 'name': 'আরেকজন অসাধারণ', 'mentionable': False, 'managed': False, 'id': '847321478521290752', 'hoist': False, 'color': 10070709}, {'position': 1, 'permissions_new': '0', 'permissions': 0, 'name': 'অসাধারণ', 'mentionable': False, 'managed': False, 'id': '848556720761602088', 'hoist': False, 'color': 10070709}, {'tags': {'bot_id': '848169984831389716'}, 'position': 4, 'permissions_new': '8', 'permissions': 8, 'name': 'অমানুষ', 'mentionable': False, 'managed': True, 'id': '850773247003852862', 'hoist': False, 'color': 0}], 'large': False, 'application_command_count': 0, 'discovery_splash': None, 'system_channel_flags': 0, 'default_message_notifications': 1, 'channels': [{'type': 4, 'position': 1, 'permission_overwrites': [], 'name': 'Information', 'id': '843792330129670155'}, {'type': 0, 'topic': None, 'rate_limit_per_user': 0, 'position': 0, 'permission_overwrites': [], 'parent_id': '843792330129670155', 'name': 'welcome-and-rules', 'last_message_id': '857184070165725186', 'id': '843792330129670156'}, {'type': 0, 'topic': None, 'rate_limit_per_user': 0, 'position': 1, 'permission_overwrites': [], 'parent_id': '843792330129670155', 'name': 'announcements', 'last_message_id': '856128998035030027', 'id': '843792330619879424'}, {'type': 0, 'topic': None, 'rate_limit_per_user': 0, 'position': 2, 'permission_overwrites': [], 'parent_id': '843792330129670155', 'name': 'resources', 'last_message_id': '856459161109528577', 'id': '843792330619879425'}, {'type': 4, 'position': 2, 'permission_overwrites': [], 'name': 'Text Channels', 'id': '843792330619879426'}, {'type': 0, 'topic': None, 'rate_limit_per_user': 0, 'position': 3, 'permission_overwrites': [], 'parent_id': '843792330619879426', 'name': 'general', 'last_message_id': '856539661940817930', 'id': '843792330619879427'}, {'type': 0, 'topic': None, 'rate_limit_per_user': 0, 'position': 4, 'permission_overwrites': [], 'parent_id': '843792330619879426', 'name': 'meeting-plans', 'last_message_id': '857207721559457793', 'id': '843792330619879428'}, {'type': 0, 'topic': None, 'rate_limit_per_user': 0, 'position': 5, 'permission_overwrites': [], 'parent_id': '843792330619879426', 'name': 'off-topic', 'last_message_id': '857223232061833216', 'id': '843792330619879429'}, {'type': 4, 'position': 3, 'permission_overwrites': [], 'name': 'Voice Channels', 'id': '843792330619879430'}, {'user_limit': 0, 'type': 2, 'rtc_region': None, 'position': 0, 'permission_overwrites': [], 'parent_id': '843792330619879430', 'name': 'Lounge', 'id': '843792330619879431', 'bitrate': 64000}, {'user_limit': 0, 'type': 2, 'rtc_region': None, 'position': 1, 'permission_overwrites': [], 'parent_id': '843792330619879430', 'name': 'Meeting Room', 'id': '843792330619879432', 'bitrate': 64000}, {'type': 4, 'position': 0, 'permission_overwrites': [], 'name': 'সমাচার', 'id': '847337336735531018'}, {'type': 0, 'topic': None, 'rate_limit_per_user': 0, 'position': 0, 'permission_overwrites': [{'type': 'role', 'id': '843792330129670154', 'deny_new': '2048', 'deny': 2048, 'allow_new': '0', 'allow': 0}], 'name': 'rules', 'last_message_id': None, 'id': '847337949207986186'}, {'type': 0, 'topic': None, 'rate_limit_per_user': 0, 'position': 0, 'permission_overwrites': [{'type': 'role', 'id': '843792330129670154', 'deny_new': '1024', 'deny': 1024, 'allow_new': '0', 'allow': 0}], 'name': 'moderator-only', 'last_message_id': '857221149167845397', 'id': '847337949207986187'}], 'explicit_content_filter': 2, 'system_channel_id': '843792330619879427', 'threads': [], 'vanity_url_code': None, 'members': [{'user': {'username': 'অমানুষ', 'id': '848169984831389716', 'discriminator': '6105', 'bot': True, 'avatar': '246e46e7092cad9b6844e5ff3e653939'}, 'roles': ['850773247003852862'], 'mute': False, 'joined_at': '2021-06-05T16:29:08.724000+00:00', 'hoisted_role': None, 'deaf': False}], 'id': '843792330129670154', 'voice_states': [], 'application_id': None}}
2021-06-23 18:46:09,584:DEBUG:discord.client: Dispatching event socket_response
2021-06-23 18:46:09,585:DEBUG:discord.client: Dispatching event socket_raw_receive
2021-06-23 18:46:09,586:DEBUG:discord.gateway: For Shard ID None: WebSocket Event: {'t': 'GUILD_CREATE', 's': 4, 'op': 0, 'd': {'nsfw': False, 'max_members': 100000, 'member_count': 3, 'icon': None, 'stickers': [], 'banner': None, 'verification_level': 0, 'splash': None, 'unavailable': False, 'nsfw_level': 0, 'joined_at': '2021-06-21T06:18:22.751017+00:00', 'lazy': True, 'afk_channel_id': None, 'premium_subscription_count': 0, 'emojis': [], 'preferred_locale': 'en-US', 'name': 'alpha testing', 'presences': [], 'guild_hashes': {'version': 1, 'roles': {'omitted': False, 'hash': 'qgmfSKwPANs'}, 'metadata': {'omitted': False, 'hash': 'eDRtHQ8qTjE'}, 'channels': {'omitted': False, 'hash': '13T87mXy0qk'}}, 'rules_channel_id': None, 'public_updates_channel_id': None, 'features': [], 'stage_instances': [], 'owner_id': '587529076286423041', 'afk_timeout': 300, 'max_video_channel_users': 25, 'mfa_level': 0, 'region': 'india', 'premium_tier': 0, 'description': None, 'roles': [{'position': 0, 'permissions_new': '6546771521', 'permissions': 104320577, 'name': '@everyone', 'mentionable': False, 'managed': False, 'id': '848439822615969803', 'hoist': False, 'color': 0}, {'tags': {'bot_id': '444871677176709141'}, 'position': 1, 'permissions_new': '1007021303', 'permissions': 1007021303, 'name': 'Fire', 'mentionable': False, 'managed': True, 'id': '848452619026432003', 'hoist': False, 'color': 0}, {'tags': {'bot_id': '848169984831389716'}, 'position': 1, 'permissions_new': '8', 'permissions': 8, 'name': 'অমানুষ', 'mentionable': False, 'managed': True, 'id': '856417748220379138', 'hoist': False, 'color': 0}], 'large': False, 'application_command_count': 93, 'discovery_splash': None, 'system_channel_flags': 1, 'default_message_notifications': 0, 'channels': [{'type': 4, 'position': 0, 'permission_overwrites': [], 'name': 'Text Channels', 'id': '848439822615969804'}, {'type': 4, 'position': 0, 'permission_overwrites': [], 'name': 'Voice Channels', 'id': '848439822615969805'}, {'type': 0, 'topic': None, 'rate_limit_per_user': 0, 'position': 1, 'permission_overwrites': [], 'parent_id': '848439822615969804', 'nsfw': False, 'name': 'general', 'last_message_id': '856839963890286622', 'id': '848439822615969806'}, {'user_limit': 0, 'type': 2, 'rtc_region': None, 'position': 0, 'permission_overwrites': [], 'parent_id': '848439822615969805', 'name': 'General', 'id': '848439823064629278', 'bitrate': 64000}, {'type': 0, 'topic': None, 'rate_limit_per_user': 0, 'position': 0, 'permission_overwrites': [], 'parent_id': '848439822615969804', 'nsfw': False, 'name': 'welcome', 'last_message_id': '857182721759641600', 'id': '848444294209077282'}], 'explicit_content_filter': 0, 'system_channel_id': '848439822615969806', 'threads': [], 'vanity_url_code': None, 'members': [{'user': {'username': 'অমানুষ', 'id': '848169984831389716', 'discriminator': '6105', 'bot': True, 'avatar': '246e46e7092cad9b6844e5ff3e653939'}, 'roles': ['856417748220379138'], 'premium_since': None, 'pending': False, 'nick': None, 'mute': False, 'joined_at': '2021-06-21T06:18:22.751017+00:00', 'is_pending': False, 'hoisted_role': None, 'deaf': False, 'avatar': None}], 'id': '848439822615969803', 'voice_states': [], 'application_id': None}}
2021-06-23 18:46:09,586:DEBUG:discord.client: Dispatching event socket_response
2021-06-23 18:46:09,587:DEBUG:discord.client: Dispatching event socket_raw_send
2021-06-23 18:46:09,588:DEBUG:discord.client: Dispatching event socket_raw_send
2021-06-23 18:46:09,589:DEBUG:discord.client: Dispatching event socket_raw_send
2021-06-23 18:46:09,966:DEBUG:discord.client: Dispatching event socket_raw_receive
2021-06-23 18:46:09,966:DEBUG:discord.gateway: For Shard ID None: WebSocket Event: {'t': 'GUILD_MEMBERS_CHUNK', 's': 5, 'op': 0, 'd': {'nonce': '3f4977f6f1aaa619eaa1118022d5e914', 'members': [{'user': {'username': 'Dank Memer', 'public_flags': 65536, 'id': '270904126974590976', 'discriminator': '5192', 'bot': True, 'avatar': 'd60c6bd5971f06776ba96497117f7f58'}, 'roles': ['843803314395152404'], 'mute': False, 'joined_at': '2021-05-17T10:53:07.290000+00:00', 'hoisted_role': None, 'deaf': False}, {'user': {'username': 'Zuhayer Javed', 'public_flags': 128, 'id': '587529076286423041', 'discriminator': '0001', 'avatar': 'a_f192a469dfedc24de5387ae0b27489d2'}, 'roles': [], 'mute': False, 'joined_at': '2020-08-31T06:35:16.800000+00:00', 'hoisted_role': None, 'deaf': False}, {'user': {'username': 'wali', 'id': '730867076683530322', 'discriminator': '4930', 'avatar': '3febece474a1cac53068573d64d1c61d'}, 'roles': [], 'premium_since': None, 'pending': False, 'nick': None, 'mute': False, 'joined_at': '2021-06-07T18:06:47.906566+00:00', 'is_pending': False, 'hoisted_role': None, 'deaf': False, 'avatar': None}, {'user': {'username': 'কুদ্দুস', 'id': '747768879853600880', 'discriminator': '2563', 'bot': True, 'avatar': 'd174b13ac7f8dfa2e5e2915414ebabf8'}, 'roles': ['749882441396912231'], 'mute': False, 'joined_at': '2020-08-31T06:37:51.389000+00:00', 'hoisted_role': None, 'deaf': False}, {'user': {'username': 'অমানুষ', 'id': '848169984831389716', 'discriminator': '6105', 'bot': True, 'avatar': '246e46e7092cad9b6844e5ff3e653939'}, 'roles': ['848431384045289524'], 'mute': False, 'joined_at': '2021-05-30T05:23:25.114000+00:00', 'hoisted_role': None, 'deaf': False}], 'guild_id': '749879969382924298', 'chunk_index': 0, 'chunk_count': 1}}
2021-06-23 18:46:09,966:DEBUG:discord.client: Dispatching event socket_response
2021-06-23 18:46:09,967:DEBUG:discord.state: Processed a chunk for 5 members in guild ID 749879969382924298.
2021-06-23 18:46:09,967:DEBUG:discord.client: Dispatching event socket_raw_receive
2021-06-23 18:46:09,967:DEBUG:discord.gateway: For Shard ID None: WebSocket Event: {'t': 'GUILD_MEMBERS_CHUNK', 's': 6, 'op': 0, 'd': {'nonce': 'b49068cff248858979404b64ab836b83', 'members': [{'user': {'username': 'Zuhayer Javed', 'public_flags': 128, 'id': '587529076286423041', 'discriminator': '0001', 'avatar': 'a_f192a469dfedc24de5387ae0b27489d2'}, 'roles': ['848556720761602088'], 'mute': False, 'joined_at': '2021-05-17T10:09:28.417000+00:00', 'hoisted_role': None, 'deaf': False}, {'user': {'username': 'Zuhayer Bin Javed', 'id': '717307520200474685', 'discriminator': '6977', 'bot': True, 'avatar': None}, 'roles': [], 'mute': False, 'joined_at': '2021-06-02T04:43:09.916000+00:00', 'hoisted_role': None, 'deaf': False}, {'user': {'username': 'Wasi Master', 'public_flags': 64, 'id': '723234115746398219', 'discriminator': '6969', 'avatar': 'a_2a179fbface95db5fb71df27d93dbaa6'}, 'roles': [], 'mute': False, 'joined_at': '2021-06-20T11:10:35.855000+00:00', 'hoisted_role': None, 'deaf': False}, {'user': {'username': 'wali', 'id': '730867076683530322', 'discriminator': '4930', 'avatar': '3febece474a1cac53068573d64d1c61d'}, 'roles': ['848556720761602088'], 'mute': False, 'joined_at': '2021-06-07T18:08:09.988000+00:00', 'hoisted_role': None, 'deaf': False}, {'user': {'username': 'ভুরিয়াল', 'id': '839470185202581524', 'discriminator': '1975', 'avatar': None}, 'roles': ['848556720761602088'], 'mute': False, 'joined_at': '2021-06-21T14:11:14.642000+00:00', 'hoisted_role': None, 'deaf': False}, {'user': {'username': 'অমানুষ', 'id': '848169984831389716', 'discriminator': '6105', 'bot': True, 'avatar': '246e46e7092cad9b6844e5ff3e653939'}, 'roles': ['850773247003852862'], 'mute': False, 'joined_at': '2021-06-05T16:29:08.724000+00:00', 'hoisted_role': None, 'deaf': False}], 'guild_id': '843792330129670154', 'chunk_index': 0, 'chunk_count': 1}}
2021-06-23 18:46:09,967:DEBUG:discord.client: Dispatching event socket_response
2021-06-23 18:46:09,968:DEBUG:discord.state: Processed a chunk for 6 members in guild ID 843792330129670154.
2021-06-23 18:46:09,968:DEBUG:discord.client: Dispatching event socket_raw_receive
2021-06-23 18:46:09,968:DEBUG:discord.gateway: For Shard ID None: WebSocket Event: {'t': 'GUILD_MEMBERS_CHUNK', 's': 7, 'op': 0, 'd': {'nonce': 'c6c5e812c56cf259fbe13acf6a4a8665', 'members': [{'user': {'username': 'Fire', 'public_flags': 65536, 'id': '444871677176709141', 'discriminator': '0682', 'bot': True, 'avatar': '925149254cff1b0bf662d0da165a0e22'}, 'roles': ['848452619026432003'], 'premium_since': None, 'pending': False, 'nick': None, 'mute': False, 'joined_at': '2021-05-30T06:47:47.915751+00:00', 'is_pending': False, 'hoisted_role': None, 'deaf': False, 'avatar': None}, {'user': {'username': 'Zuhayer Javed', 'public_flags': 128, 'id': '587529076286423041', 'discriminator': '0001', 'avatar': 'a_f192a469dfedc24de5387ae0b27489d2'}, 'roles': [], 'mute': False, 'joined_at': '2021-05-30T05:56:57.023000+00:00', 'hoisted_role': None, 'deaf': False}, {'user': {'username': 'অমানুষ', 'id': '848169984831389716', 'discriminator': '6105', 'bot': True, 'avatar': '246e46e7092cad9b6844e5ff3e653939'}, 'roles': ['856417748220379138'], 'premium_since': None, 'pending': False, 'nick': None, 'mute': False, 'joined_at': '2021-06-21T06:18:22.751017+00:00', 'is_pending': False, 'hoisted_role': None, 'deaf': False, 'avatar': None}], 'guild_id': '848439822615969803', 'chunk_index': 0, 'chunk_count': 1}}
2021-06-23 18:46:09,968:DEBUG:discord.client: Dispatching event socket_response
2021-06-23 18:46:09,968:DEBUG:discord.state: Processed a chunk for 3 members in guild ID 848439822615969803.
2021-06-23 18:46:11,595:DEBUG:discord.client: Dispatching event guild_available
2021-06-23 18:46:11,595:DEBUG:discord.client: Dispatching event guild_available
2021-06-23 18:46:11,595:DEBUG:discord.client: Dispatching event guild_available
2021-06-23 18:46:11,595:DEBUG:discord.client: Dispatching event ready
2021-06-23 18:46:11,986:DEBUG:discord.http: GET https://discord.com/api/v7/guilds/749879969382924298/invites with None has returned 200
2021-06-23 18:46:11,986:DEBUG:discord.http: GET https://discord.com/api/v7/guilds/749879969382924298/invites has received []
2021-06-23 18:46:12,430:DEBUG:discord.http: GET https://discord.com/api/v7/guilds/843792330129670154/invites with None has returned 200
2021-06-23 18:46:12,432:DEBUG:discord.http: GET https://discord.com/api/v7/guilds/843792330129670154/invites has received [{'code': '2gMTx2pX', 'guild': {'id': '843792330129670154', 'name': 'সার্ভার', 'splash': None, 'banner': None, 'description': None, 'icon': None, 'features': ['COMMUNITY', 'NEWS'], 'verification_level': 1, 'vanity_url_code': None, 'nsfw': False, 'nsfw_level': 0}, 'channel': {'id': '843792330129670156', 'name': 'welcome-and-rules', 'type': 0}, 'inviter': {'id': '587529076286423041', 'username': 'Zuhayer Javed', 'avatar': 'a_f192a469dfedc24de5387ae0b27489d2', 'discriminator': '0001', 'public_flags': 128}, 'uses': 5, 'max_uses': 0, 'max_age': 604800, 'temporary': False, 'created_at': '2021-06-17T09:48:09.804000+00:00'}, {'code': 'PfsRRAMq', 'guild': {'id': '843792330129670154', 'name': 'সার্ভার', 'splash': None, 'banner': None, 'description': None, 'icon': None, 'features': ['COMMUNITY', 'NEWS'], 'verification_level': 1, 'vanity_url_code': None, 'nsfw': False, 'nsfw_level': 0}, 'channel': {'id': '843792330619879429', 'name': 'off-topic', 'type': 0}, 'inviter': {'id': '587529076286423041', 'username': 'Zuhayer Javed', 'avatar': 'a_f192a469dfedc24de5387ae0b27489d2', 'discriminator': '0001', 'public_flags': 128}, 'uses': 1, 'max_uses': 0, 'max_age': 604800, 'temporary': False, 'created_at': '2021-06-20T11:10:28.342000+00:00'}, {'code': 'xrbjpXnxmc', 'guild': {'id': '843792330129670154', 'name': 'সার্ভার', 'splash': None, 'banner': None, 'description': None, 'icon': None, 'features': ['COMMUNITY', 'NEWS'], 'verification_level': 1, 'vanity_url_code': None, 'nsfw': False, 'nsfw_level': 0}, 'channel': {'id': '843792330129670156', 'name': 'welcome-and-rules', 'type': 0}, 'inviter': {'id': '587529076286423041', 'username': 'Zuhayer Javed', 'avatar': 'a_f192a469dfedc24de5387ae0b27489d2', 'discriminator': '0001', 'public_flags': 128}, 'uses': 39, 'max_uses': 0, 'max_age': 0, 'temporary': False, 'created_at': '2021-06-07T17:51:15.990000+00:00'}]
2021-06-23 18:46:12,787:DEBUG:discord.http: GET https://discord.com/api/v7/guilds/848439822615969803/invites with None has returned 200
2021-06-23 18:46:12,788:DEBUG:discord.http: GET https://discord.com/api/v7/guilds/848439822615969803/invites has received []
2021-06-23 18:46:50,349:DEBUG:discord.gateway: Keeping shard ID None websocket alive with sequence 7.
2021-06-23 18:46:50,706:DEBUG:discord.client: Dispatching event socket_raw_receive
2021-06-23 18:46:50,706:DEBUG:discord.gateway: For Shard ID None: WebSocket Event: {'t': None, 's': None, 'op': 11, 'd': None}
2021-06-23 18:46:50,706:DEBUG:discord.client: Dispatching event socket_response
2021-06-23 18:47:31,603:DEBUG:discord.gateway: Keeping shard ID None websocket alive with sequence 7.
2021-06-23 18:47:31,957:DEBUG:discord.client: Dispatching event socket_raw_receive
2021-06-23 18:47:31,957:DEBUG:discord.gateway: For Shard ID None: WebSocket Event: {'t': None, 's': None, 'op': 11, 'd': None}
2021-06-23 18:47:31,957:DEBUG:discord.client: Dispatching event socket_response
2021-06-23 18:48:12,864:DEBUG:discord.gateway: Keeping shard ID None websocket alive with sequence 7.
2021-06-23 18:48:13,224:DEBUG:discord.client: Dispatching event socket_raw_receive
2021-06-23 18:48:13,224:DEBUG:discord.gateway: For Shard ID None: WebSocket Event: {'t': None, 's': None, 'op': 11, 'd': None}
2021-06-23 18:48:13,224:DEBUG:discord.client: Dispatching event socket_response
2021-06-23 18:48:54,117:DEBUG:discord.gateway: Keeping shard ID None websocket alive with sequence 7.
2021-06-23 18:48:54,471:DEBUG:discord.client: Dispatching event socket_raw_receive
2021-06-23 18:48:54,471:DEBUG:discord.gateway: For Shard ID None: WebSocket Event: {'t': None, 's': None, 'op': 11, 'd': None}
2021-06-23 18:48:54,471:DEBUG:discord.client: Dispatching event socket_response
2021-06-23 18:49:35,373:DEBUG:discord.gateway: Keeping shard ID None websocket alive with sequence 7.
2021-06-23 18:49:35,729:DEBUG:discord.client: Dispatching event socket_raw_receive
2021-06-23 18:49:35,729:DEBUG:discord.gateway: For Shard ID None: WebSocket Event: {'t': None, 's': None, 'op': 11, 'd': None}
2021-06-23 18:49:35,730:DEBUG:discord.client: Dispatching event socket_response
2021-06-23 18:50:16,635:DEBUG:discord.gateway: Keeping shard ID None websocket alive with sequence 7.
2021-06-23 18:50:16,991:DEBUG:discord.client: Dispatching event socket_raw_receive
2021-06-23 18:50:16,991:DEBUG:discord.gateway: For Shard ID None: WebSocket Event: {'t': None, 's': None, 'op': 11, 'd': None}
2021-06-23 18:50:16,991:DEBUG:discord.client: Dispatching event socket_response
2021-06-23 18:50:57,899:DEBUG:discord.gateway: Keeping shard ID None websocket alive with sequence 7.
2021-06-23 18:50:58,251:DEBUG:discord.client: Dispatching event socket_raw_receive
2021-06-23 18:50:58,252:DEBUG:discord.gateway: For Shard ID None: WebSocket Event: {'t': None, 's': None, 'op': 11, 'd': None}
2021-06-23 18:50:58,252:DEBUG:discord.client: Dispatching event socket_response
2021-06-23 18:51:39,159:DEBUG:discord.gateway: Keeping shard ID None websocket alive with sequence 7.
2021-06-23 18:51:39,519:DEBUG:discord.client: Dispatching event socket_raw_receive
2021-06-23 18:51:39,520:DEBUG:discord.gateway: For Shard ID None: WebSocket Event: {'t': None, 's': None, 'op': 11, 'd': None}
2021-06-23 18:51:39,520:DEBUG:discord.client: Dispatching event socket_response
2021-06-23 18:52:20,413:DEBUG:discord.gateway: Keeping shard ID None websocket alive with sequence 7.
2021-06-23 18:52:20,773:DEBUG:discord.client: Dispatching event socket_raw_receive
2021-06-23 18:52:20,773:DEBUG:discord.gateway: For Shard ID None: WebSocket Event: {'t': None, 's': None, 'op': 11, 'd': None}
2021-06-23 18:52:20,773:DEBUG:discord.client: Dispatching event socket_response
2021-06-23 18:53:01,678:DEBUG:discord.gateway: Keeping shard ID None websocket alive with sequence 7.
2021-06-23 18:53:02,057:DEBUG:discord.client: Dispatching event socket_raw_receive
2021-06-23 18:53:02,057:DEBUG:discord.gateway: For Shard ID None: WebSocket Event: {'t': None, 's': None, 'op': 11, 'd': None}
2021-06-23 18:53:02,057:DEBUG:discord.client: Dispatching event socket_response
2021-06-23 18:53:42,949:DEBUG:discord.gateway: Keeping shard ID None websocket alive with sequence 7.
2021-06-23 18:53:43,307:DEBUG:discord.client: Dispatching event socket_raw_receive
2021-06-23 18:53:43,307:DEBUG:discord.gateway: For Shard ID None: WebSocket Event: {'t': None, 's': None, 'op': 11, 'd': None}
2021-06-23 18:53:43,307:DEBUG:discord.client: Dispatching event socket_response
2021-06-23 18:54:24,204:DEBUG:discord.gateway: Keeping shard ID None websocket alive with sequence 7.
2021-06-23 18:54:24,559:DEBUG:discord.client: Dispatching event socket_raw_receive
2021-06-23 18:54:24,559:DEBUG:discord.gateway: For Shard ID None: WebSocket Event: {'t': None, 's': None, 'op': 11, 'd': None}
2021-06-23 18:54:24,559:DEBUG:discord.client: Dispatching event socket_response
2021-06-23 18:55:05,459:DEBUG:discord.gateway: Keeping shard ID None websocket alive with sequence 7.
2021-06-23 18:55:05,820:DEBUG:discord.client: Dispatching event socket_raw_receive
2021-06-23 18:55:05,820:DEBUG:discord.gateway: For Shard ID None: WebSocket Event: {'t': None, 's': None, 'op': 11, 'd': None}
2021-06-23 18:55:05,820:DEBUG:discord.client: Dispatching event socket_response
2021-06-23 18:55:46,725:DEBUG:discord.gateway: Keeping shard ID None websocket alive with sequence 7.
2021-06-23 18:55:47,078:DEBUG:discord.client: Dispatching event socket_raw_receive
2021-06-23 18:55:47,079:DEBUG:discord.gateway: For Shard ID None: WebSocket Event: {'t': None, 's': None, 'op': 11, 'd': None}
2021-06-23 18:55:47,079:DEBUG:discord.client: Dispatching event socket_response
2021-06-23 18:56:27,976:DEBUG:discord.gateway: Keeping shard ID None websocket alive with sequence 7.
2021-06-23 18:56:28,334:DEBUG:discord.client: Dispatching event socket_raw_receive
2021-06-23 18:56:28,334:DEBUG:discord.gateway: For Shard ID None: WebSocket Event: {'t': None, 's': None, 'op': 11, 'd': None}
2021-06-23 18:56:28,334:DEBUG:discord.client: Dispatching event socket_response
2021-06-23 18:57:09,239:DEBUG:discord.gateway: Keeping shard ID None websocket alive with sequence 7.
2021-06-23 18:57:09,599:DEBUG:discord.client: Dispatching event socket_raw_receive
2021-06-23 18:57:09,599:DEBUG:discord.gateway: For Shard ID None: WebSocket Event: {'t': None, 's': None, 'op': 11, 'd': None}
2021-06-23 18:57:09,599:DEBUG:discord.client: Dispatching event socket_response
2021-06-23 18:57:50,491:DEBUG:discord.gateway: Keeping shard ID None websocket alive with sequence 7.
2021-06-23 18:57:50,844:DEBUG:discord.client: Dispatching event socket_raw_receive
2021-06-23 18:57:50,844:DEBUG:discord.gateway: For Shard ID None: WebSocket Event: {'t': None, 's': None, 'op': 11, 'd': None}
2021-06-23 18:57:50,844:DEBUG:discord.client: Dispatching event socket_response
